c:\users\leshi\desktop\десертация\calculus\calculus\debug\vcpkg.applocal.log
c:\users\leshi\desktop\десертация\calculus\calculus\debug\vc141.pdb
c:\users\leshi\desktop\десертация\calculus\calculus\debug\vc141.idb
c:\users\leshi\desktop\десертация\calculus\calculus\debug\main.obj
c:\users\leshi\desktop\десертация\calculus\calculus\debug\calculation.obj
c:\users\leshi\desktop\десертация\calculus\debug\calculus.pdb
c:\users\leshi\desktop\десертация\calculus\calculus\debug\calculus.tlog\calculus.write.1u.tlog
c:\users\leshi\desktop\десертация\calculus\calculus\debug\calculus.tlog\cl.command.1.tlog
c:\users\leshi\desktop\десертация\calculus\calculus\debug\calculus.tlog\cl.read.1.tlog
c:\users\leshi\desktop\десертация\calculus\calculus\debug\calculus.tlog\cl.write.1.tlog
c:\users\leshi\desktop\десертация\calculus\calculus\debug\calculus.tlog\link-cvtres.read.1.tlog
c:\users\leshi\desktop\десертация\calculus\calculus\debug\calculus.tlog\link-cvtres.write.1.tlog
c:\users\leshi\desktop\десертация\calculus\calculus\debug\calculus.tlog\link-rc.read.1.tlog
c:\users\leshi\desktop\десертация\calculus\calculus\debug\calculus.tlog\link-rc.write.1.tlog
c:\users\leshi\desktop\десертация\calculus\calculus\debug\calculus.tlog\link.8884-cvtres.read.1.tlog
c:\users\leshi\desktop\десертация\calculus\calculus\debug\calculus.tlog\link.8884-cvtres.write.1.tlog
c:\users\leshi\desktop\десертация\calculus\calculus\debug\calculus.tlog\link.8884-rc.read.1.tlog
c:\users\leshi\desktop\десертация\calculus\calculus\debug\calculus.tlog\link.8884-rc.write.1.tlog
c:\users\leshi\desktop\десертация\calculus\calculus\debug\calculus.tlog\link.8884.read.1.tlog
c:\users\leshi\desktop\десертация\calculus\calculus\debug\calculus.tlog\link.8884.write.1.tlog
c:\users\leshi\desktop\десертация\calculus\calculus\debug\calculus.tlog\link.command.1.tlog
c:\users\leshi\desktop\десертация\calculus\calculus\debug\calculus.tlog\link.read.1.tlog
c:\users\leshi\desktop\десертация\calculus\calculus\debug\calculus.tlog\link.write.1.tlog
